   Compiling dongle-contract v0.1.0 (C:\Users\user\Dongle-Smartcontract\dongle-smartcontract)
error[E0432]: unresolved import `crate::events::VerificationApproved`
 --> src\verification_registry.rs:5:5
  |
5 | use crate::events::VerificationApproved;
  |     ^^^^^^^^^^^^^^^^^^^^^^^^^^^^^^^^^^^ no `VerificationApproved` in `events`

error[E0432]: unresolved import `crate::events::VerificationRejected`
 --> src\verification_registry.rs:6:5
  |
6 | use crate::events::VerificationRejected;
  |     ^^^^^^^^^^^^^^^^^^^^^^^^^^^^^^^^^^^ no `VerificationRejected` in `events`

error[E0432]: unresolved import `crate::events::VerificationRequested`
 --> src\verification_registry.rs:7:5
  |
7 | use crate::events::VerificationRequested;
  |     ^^^^^^^^^^^^^^^^^^^^^^^^^^^^^^^^^^^^ no `VerificationRequested` in `events`

error[E0432]: unresolved import `crate::events::FeePaid`
 --> src\fee_manager.rs:4:5
  |
4 | use crate::events::FeePaid;
  |     ^^^^^^^^^^^^^^^^^^^^^^ no `FeePaid` in `events`

error[E0432]: unresolved import `crate::events::FeeSet`
 --> src\fee_manager.rs:5:5
  |
5 | use crate::events::FeeSet;
  |     ^^^^^^^^^^^^^^^^^^^^^ no `FeeSet` in `events`

error[E0432]: unresolved import `crate::storage_keys`
 --> src\project_registry.rs:2:12
  |
2 | use crate::storage_keys::StorageKey;
  |            ^^^^^^^^^^^^ could not find `storage_keys` in the crate root

error[E0432]: unresolved import `crate::storage_keys`
 --> src\review_registry.rs:2:12
  |
2 | use crate::storage_keys::StorageKey;
  |            ^^^^^^^^^^^^ could not find `storage_keys` in the crate root

error[E0432]: unresolved import `crate::storage_keys`
 --> src\verification_registry.rs:8:12
  |
8 | use crate::storage_keys::StorageKey;
  |            ^^^^^^^^^^^^ could not find `storage_keys` in the crate root

error[E0432]: unresolved import `crate::storage_keys`
 --> src\fee_manager.rs:6:12
  |
6 | use crate::storage_keys::StorageKey;
  |            ^^^^^^^^^^^^ could not find `storage_keys` in the crate root

error[E0432]: unresolved import `crate::storage_keys`
 --> src\utils.rs:2:12
  |
2 | use crate::storage_keys::StorageKey;
  |            ^^^^^^^^^^^^ could not find `storage_keys` in the crate root

error[E0433]: failed to resolve: use of undeclared type `DataKey`
  --> src\project_registry.rs:45:19
   |
45 |             .get(&DataKey::ProjectCount)
   |                   ^^^^^^^ use of undeclared type `DataKey`
   |
help: consider importing this enum
   |
 1 + use crate::types::DataKey;
   |

error[E0433]: failed to resolve: use of undeclared type `VerificationStatus`
  --> src\project_registry.rs:59:34
   |
59 |             verification_status: VerificationStatus::Unverified,
   |                                  ^^^^^^^^^^^^^^^^^^ use of undeclared type `VerificationStatus`
   |
help: consider importing this enum
   |
 1 + use crate::types::VerificationStatus;
   |

error[E0433]: failed to resolve: use of undeclared type `DataKey`
  --> src\project_registry.rs:66:19
   |
66 |             .set(&DataKey::Project(count), &project);
   |                   ^^^^^^^ use of undeclared type `DataKey`
   |
help: consider importing this enum
   |
 1 + use crate::types::DataKey;
   |

error[E0433]: failed to resolve: use of undeclared type `DataKey`
  --> src\project_registry.rs:69:19
   |
69 |             .set(&DataKey::ProjectCount, &count);
   |                   ^^^^^^^ use of undeclared type `DataKey`
   |
help: consider importing this enum
   |
 1 + use crate::types::DataKey;
   |

error[E0425]: cannot find type `Vec` in this scope
  --> src\project_registry.rs:71:33
   |
71 |         let mut owner_projects: Vec<u64> = env
   |                                 ^^^ not found in this scope
   |
help: consider importing one of these structs
   |
 1 + use crate::Vec;
   |
 1 + use soroban_sdk::Vec;
   |

error[E0433]: failed to resolve: use of undeclared type `DataKey`
  --> src\project_registry.rs:74:19
   |
74 |             .get(&DataKey::OwnerProjects(owner.clone()))
   |                   ^^^^^^^ use of undeclared type `DataKey`
   |
help: consider importing this enum
   |
 1 + use crate::types::DataKey;
   |

error[E0433]: failed to resolve: use of undeclared type `Vec`
  --> src\project_registry.rs:75:24
   |
75 |             .unwrap_or(Vec::new(env));
   |                        ^^^ use of undeclared type `Vec`
   |
help: consider importing one of these structs
   |
 1 + use crate::Vec;
   |
 1 + use soroban_sdk::Vec;
   |

error[E0425]: cannot find value `project_id` in this scope
  --> src\project_registry.rs:79:39
   |
79 |             .get(&StorageKey::Project(project_id))
   |                                       ^^^^^^^^^^ help: a local variable with a similar name exists: `project`

error[E0433]: failed to resolve: use of undeclared type `DataKey`
   --> src\project_registry.rs:130:19
    |
130 |             .get(&DataKey::Project(project_id))
    |                   ^^^^^^^ use of undeclared type `DataKey`
    |
help: consider importing this enum
    |
  1 + use crate::types::DataKey;
    |

error[E0425]: cannot find type `Vec` in this scope
   --> src\project_registry.rs:133:64
    |
133 |     pub fn get_projects_by_owner(env: &Env, owner: Address) -> Vec<Project> {
    |                                                                ^^^ not found in this scope
    |
help: consider importing one of these structs
    |
  1 + use crate::Vec;
    |
  1 + use soroban_sdk::Vec;
    |

error[E0425]: cannot find type `Vec` in this scope
   --> src\project_registry.rs:134:18
    |
134 |         let ids: Vec<u64> = env
    |                  ^^^ not found in this scope
    |
help: consider importing one of these structs
    |
  1 + use crate::Vec;
    |
  1 + use soroban_sdk::Vec;
    |

error[E0433]: failed to resolve: use of undeclared type `DataKey`
   --> src\project_registry.rs:137:19
    |
137 |             .get(&DataKey::OwnerProjects(owner))
    |                   ^^^^^^^ use of undeclared type `DataKey`
    |
help: consider importing this enum
    |
  1 + use crate::types::DataKey;
    |

error[E0433]: failed to resolve: use of undeclared type `Vec`
   --> src\project_registry.rs:138:24
    |
138 |             .unwrap_or(Vec::new(env));
    |                        ^^^ use of undeclared type `Vec`
    |
help: consider importing one of these structs
    |
  1 + use crate::Vec;
    |
  1 + use soroban_sdk::Vec;
    |

error[E0433]: failed to resolve: use of undeclared type `Vec`
   --> src\project_registry.rs:140:28
    |
140 |         let mut projects = Vec::new(env);
    |                            ^^^ use of undeclared type `Vec`
    |
help: consider importing one of these structs
    |
  1 + use crate::Vec;
    |
  1 + use soroban_sdk::Vec;
    |

error[E0425]: cannot find type `Vec` in this scope
   --> src\project_registry.rs:154:17
    |
154 |     ) -> Result<Vec<Project>, ContractError> {
    |                 ^^^ not found in this scope
    |
help: consider importing one of these structs
    |
  1 + use crate::Vec;
    |
  1 + use soroban_sdk::Vec;
    |

error[E0425]: cannot find type `Vec` in this scope
  --> src\verification_registry.rs:54:17
   |
54 |     ) -> Result<Vec<VerificationRecord>, ContractError> {
   |                 ^^^ not found in this scope
   |
help: consider importing one of these structs
   |
 3 + use crate::Vec;
   |
 3 + use soroban_sdk::Vec;
   |

error[E0425]: cannot find type `DataKey` in this scope
  --> src\utils.rs:60:38
   |
60 |     pub fn get_storage_key(data_key: DataKey) -> DataKey {
   |                                      ^^^^^^^ not found in this scope
   |
help: consider importing this enum
   |
 1 + use crate::types::DataKey;
   |

error[E0425]: cannot find type `DataKey` in this scope
  --> src\utils.rs:60:50
   |
60 |     pub fn get_storage_key(data_key: DataKey) -> DataKey {
   |                                                  ^^^^^^^ not found in this scope
   |
help: consider importing this enum
   |
 1 + use crate::types::DataKey;
   |

warning: unused import: `ReviewEventData`
 --> src\review_registry.rs:3:42
  |
3 | use crate::types::{Review, ReviewAction, ReviewEventData};
  |                                          ^^^^^^^^^^^^^^^
  |
  = note: `#[warn(unused_imports)]` (part of `#[warn(unused)]`) on by default

warning: unused import: `crate::constants::MAX_CID_LEN`
 --> src\verification_registry.rs:3:5
  |
3 | use crate::constants::MAX_CID_LEN;
  |     ^^^^^^^^^^^^^^^^^^^^^^^^^^^^^

warning: unused import: `FeeConfig`
  --> src\lib.rs:22:50
   |
22 | use types::{Project, Review, VerificationRecord, FeeConfig};
   |                                                  ^^^^^^^^^

error[E0592]: duplicate definitions with name `register_project`
  --> src\project_registry.rs:30:5
   |
 9 | /     pub fn register_project(
10 | |         env: &Env,
11 | |         owner: Address,
12 | |         name: String,
...  |
17 | |         metadata_cid: Option<String>,
18 | |     ) -> u64 {
   | |____________- other definition for `register_project`
...
30 | /     pub fn register_project(
31 | |         env: &Env,
32 | |         owner: Address,
33 | |         name: String,
...  |
38 | |         metadata_cid: Option<String>,
39 | |     ) -> u64 {
   | |____________^ duplicate definitions for `register_project`

error[E0592]: duplicate definitions with name `update_project`
  --> src\project_registry.rs:82:5
   |
25 |       pub fn update_project(env: &Env, project_id: u64, caller: Address) {
   |       ------------------------------------------------------------------ other definition for `update_project`
...
82 | /     pub fn update_project(
83 | |         env: &Env,
84 | |         project_id: u64,
85 | |         caller: Address,
...  |
91 | |         metadata_cid: Option<Option<String>>,
92 | |     ) -> Option<Project> {
   | |________________________^ duplicate definitions for `update_project`

error[E0277]: the trait bound `VerificationStatus: TryFromVal<Env, soroban_sdk::Val>` is not satisfied
  --> src\types.rs:56:1
   |
56 | #[contracttype]
   | ^^^^^^^^^^^^^^^ unsatisfied trait bound
   |
help: the trait `TryFromVal<Env, soroban_sdk::Val>` is not implemented for `VerificationStatus`
  --> src\types.rs:50:1
   |
50 | pub enum VerificationStatus {
   | ^^^^^^^^^^^^^^^^^^^^^^^^^^^
   = help: the following other types implement trait `TryFromVal<E, V>`:
             `()` implements `TryFromVal<E, [soroban_sdk::Val; 0]>`
             `()` implements `TryFromVal<E, soroban_sdk::Val>`
             `()` implements `TryFromVal<Env, ()>`
             `(T0, T1)` implements `TryFromVal<E, [soroban_sdk::Val; N]>`
             `(T0, T1)` implements `TryFromVal<E, soroban_sdk::Val>`
             `(T0, T1, T2)` implements `TryFromVal<E, [soroban_sdk::Val; N]>`
             `(T0, T1, T2)` implements `TryFromVal<E, soroban_sdk::Val>`
             `(T0, T1, T2, T3)` implements `TryFromVal<E, [soroban_sdk::Val; N]>`
           and 327 others
   = note: required for `soroban_sdk::Val` to implement `TryIntoVal<Env, VerificationStatus>`
   = note: the full name for the type has been written to 'C:\Users\user\Dongle-Smartcontract\dongle-smartcontract\target\debug\deps\dongle_contract.long-type-10308784675139276474.txt'
   = note: consider using `--verbose` to print the full type name to the console
   = note: this error originates in the attribute macro `contracttype` (in Nightly builds, run with -Z macro-backtrace for more info)

error[E0277]: the trait bound `soroban_sdk::Val: TryFromVal<Env, VerificationStatus>` is not satisfied
  --> src\types.rs:56:1
   |
56 | #[contracttype]
   | ^^^^^^^^^^^^^^^ the trait `TryFromVal<Env, VerificationStatus>` is not implemented for `soroban_sdk::Val`
   |
   = help: the following other types implement trait `TryFromVal<E, V>`:
             `soroban_sdk::Val` implements `TryFromVal<E, &[u8]>`
             `soroban_sdk::Val` implements `TryFromVal<E, &str>`
             `soroban_sdk::Val` implements `TryFromVal<E, ()>`
             `soroban_sdk::Val` implements `TryFromVal<E, (T0, T1)>`
             `soroban_sdk::Val` implements `TryFromVal<E, (T0, T1, T2)>`
             `soroban_sdk::Val` implements `TryFromVal<E, (T0, T1, T2, T3)>`
             `soroban_sdk::Val` implements `TryFromVal<E, (T0, T1, T2, T3, T4)>`
             `soroban_sdk::Val` implements `TryFromVal<E, (T0, T1, T2, T3, T4, T5)>`
           and 113 others
   = note: required for `VerificationStatus` to implement `TryIntoVal<Env, soroban_sdk::Val>`
   = note: the full name for the type has been written to 'C:\Users\user\Dongle-Smartcontract\dongle-smartcontract\target\debug\deps\dongle_contract.long-type-10308784675139276474.txt'
   = note: consider using `--verbose` to print the full type name to the console
   = note: this error originates in the attribute macro `contracttype` (in Nightly builds, run with -Z macro-backtrace for more info)

error[E0560]: struct `Project` has no field named `owner`
  --> src\project_registry.rs:52:13
   |
52 |             owner: owner.clone(),
   |             ^^^^^ `Project` does not have this field
   |
   = note: all struct fields are already assigned

error[E0560]: struct `Project` has no field named `name`
  --> src\project_registry.rs:53:13
   |
53 |             name,
   |             ^^^^ `Project` does not have this field
   |
   = note: all struct fields are already assigned

error[E0560]: struct `Project` has no field named `description`
  --> src\project_registry.rs:54:13
   |
54 |             description,
   |             ^^^^^^^^^^^ `Project` does not have this field
   |
   = note: all struct fields are already assigned

error[E0560]: struct `Project` has no field named `category`
  --> src\project_registry.rs:55:13
   |
55 |             category,
   |             ^^^^^^^^ `Project` does not have this field
   |
   = note: all struct fields are already assigned

error[E0560]: struct `Project` has no field named `website`
  --> src\project_registry.rs:56:13
   |
56 |             website,
   |             ^^^^^^^ `Project` does not have this field
   |
   = note: all struct fields are already assigned

error[E0560]: struct `Project` has no field named `logo_cid`
  --> src\project_registry.rs:57:13
   |
57 |             logo_cid,
   |             ^^^^^^^^ `Project` does not have this field
   |
   = note: all struct fields are already assigned

error[E0560]: struct `Project` has no field named `metadata_cid`
  --> src\project_registry.rs:58:13
   |
58 |             metadata_cid,
   |             ^^^^^^^^^^^^ `Project` does not have this field
   |
   = note: all struct fields are already assigned

error[E0560]: struct `Project` has no field named `verification_status`
  --> src\project_registry.rs:59:13
   |
59 |             verification_status: VerificationStatus::Unverified,
   |             ^^^^^^^^^^^^^^^^^^^ `Project` does not have this field
   |
   = note: all struct fields are already assigned

error[E0560]: struct `Project` has no field named `created_at`
  --> src\project_registry.rs:60:13
   |
60 |             created_at: now,
   |             ^^^^^^^^^^ `Project` does not have this field
   |
   = note: all struct fields are already assigned

error[E0560]: struct `Project` has no field named `updated_at`
  --> src\project_registry.rs:61:13
   |
61 |             updated_at: now,
   |             ^^^^^^^^^^ `Project` does not have this field
   |
   = note: all struct fields are already assigned

error[E0308]: mismatched types
  --> src\project_registry.rs:77:9
   |
39 |       ) -> u64 {
   |            --- expected `u64` because of return type
...
77 | /         env.storage()
78 | |             .persistent()
79 | |             .get(&StorageKey::Project(project_id))
   | |__________________________________________________^ expected `u64`, found `Option<_>`
   |
   = note: expected type `u64`
              found enum `core::option::Option<_>`
help: consider using `Option::expect` to unwrap the `core::option::Option<_>` value, panicking if the value is an `Option::None`
   |
79 |             .get(&StorageKey::Project(project_id)).expect("REASON")
   |                                                   +++++++++++++++++

error[E0609]: no field `owner` on type `Project`
  --> src\project_registry.rs:96:20
   |
96 |         if project.owner != caller {
   |                    ^^^^^ unknown field
   |
   = note: available field is: `id`

error[E0609]: no field `name` on type `Project`
   --> src\project_registry.rs:101:21
    |
101 |             project.name = value;
    |                     ^^^^ unknown field
    |
    = note: available field is: `id`

error[E0609]: no field `description` on type `Project`
   --> src\project_registry.rs:104:21
    |
104 |             project.description = value;
    |                     ^^^^^^^^^^^ unknown field
    |
    = note: available field is: `id`

error[E0609]: no field `category` on type `Project`
   --> src\project_registry.rs:107:21
    |
107 |             project.category = value;
    |                     ^^^^^^^^ unknown field
    |
    = note: available field is: `id`

error[E0609]: no field `website` on type `Project`
   --> src\project_registry.rs:110:21
    |
110 |             project.website = value;
    |                     ^^^^^^^ unknown field
    |
    = note: available field is: `id`

error[E0609]: no field `logo_cid` on type `Project`
   --> src\project_registry.rs:113:21
    |
113 |             project.logo_cid = value;
    |                     ^^^^^^^^ unknown field
    |
    = note: available field is: `id`

error[E0609]: no field `metadata_cid` on type `Project`
   --> src\project_registry.rs:116:21
    |
116 |             project.metadata_cid = value;
    |                     ^^^^^^^^^^^^ unknown field
    |
    = note: available field is: `id`

error[E0609]: no field `updated_at` on type `Project`
   --> src\project_registry.rs:119:17
    |
119 |         project.updated_at = env.ledger().timestamp();
    |                 ^^^^^^^^^^ unknown field
    |
    = note: available field is: `id`

warning: unused variable: `env`
  --> src\project_registry.rs:10:9
   |
10 |         env: &Env,
   |         ^^^ help: if this is intentional, prefix it with an underscore: `_env`
   |
   = note: `#[warn(unused_variables)]` (part of `#[warn(unused)]`) on by default

warning: unused variable: `owner`
  --> src\project_registry.rs:11:9
   |
11 |         owner: Address,
   |         ^^^^^ help: if this is intentional, prefix it with an underscore: `_owner`

warning: unused variable: `name`
  --> src\project_registry.rs:12:9
   |
12 |         name: String,
   |         ^^^^ help: if this is intentional, prefix it with an underscore: `_name`

warning: unused variable: `description`
  --> src\project_registry.rs:13:9
   |
13 |         description: String,
   |         ^^^^^^^^^^^ help: if this is intentional, prefix it with an underscore: `_description`

warning: unused variable: `category`
  --> src\project_registry.rs:14:9
   |
14 |         category: String,
   |         ^^^^^^^^ help: if this is intentional, prefix it with an underscore: `_category`

warning: unused variable: `website`
  --> src\project_registry.rs:15:9
   |
15 |         website: Option<String>,
   |         ^^^^^^^ help: if this is intentional, prefix it with an underscore: `_website`

warning: unused variable: `logo_cid`
  --> src\project_registry.rs:16:9
   |
16 |         logo_cid: Option<String>,
   |         ^^^^^^^^ help: if this is intentional, prefix it with an underscore: `_logo_cid`

warning: unused variable: `metadata_cid`
  --> src\project_registry.rs:17:9
   |
17 |         metadata_cid: Option<String>,
   |         ^^^^^^^^^^^^ help: if this is intentional, prefix it with an underscore: `_metadata_cid`

warning: unused variable: `env`
  --> src\project_registry.rs:25:27
   |
25 |     pub fn update_project(env: &Env, project_id: u64, caller: Address) {
   |                           ^^^ help: if this is intentional, prefix it with an underscore: `_env`

warning: unused variable: `project_id`
  --> src\project_registry.rs:25:38
   |
25 |     pub fn update_project(env: &Env, project_id: u64, caller: Address) {
   |                                      ^^^^^^^^^^ help: if this is intentional, prefix it with an underscore: `_project_id`

warning: unused variable: `caller`
  --> src\project_registry.rs:25:55
   |
25 |     pub fn update_project(env: &Env, project_id: u64, caller: Address) {
   |                                                       ^^^^^^ help: if this is intentional, prefix it with an underscore: `_caller`

warning: unused variable: `env`
  --> src\verification_registry.rs:16:9
   |
16 |         env: &Env,
   |         ^^^ help: if this is intentional, prefix it with an underscore: `_env`

warning: unused variable: `project_id`
  --> src\verification_registry.rs:17:9
   |
17 |         project_id: u64,
   |         ^^^^^^^^^^ help: if this is intentional, prefix it with an underscore: `_project_id`

warning: unused variable: `requester`
  --> src\verification_registry.rs:18:9
   |
18 |         requester: Address,
   |         ^^^^^^^^^ help: if this is intentional, prefix it with an underscore: `_requester`

warning: unused variable: `evidence_cid`
  --> src\verification_registry.rs:19:9
   |
19 |         evidence_cid: String,
   |         ^^^^^^^^^^^^ help: if this is intentional, prefix it with an underscore: `_evidence_cid`

Some errors have detailed explanations: E0277, E0308, E0425, E0432, E0433, E0560, E0592, E0609.
For more information about an error, try `rustc --explain E0277`.
warning: `dongle-contract` (lib) generated 18 warnings
error: could not compile `dongle-contract` (lib) due to 51 previous errors; 18 warnings emitted
