warning: unused import: `ReviewEventData`
 --> src\review_registry.rs:2:42
  |
2 | use crate::types::{Review, ReviewAction, ReviewEventData, DataKey};
  |                                          ^^^^^^^^^^^^^^^
  |
  = note: `#[warn(unused_imports)]` (part of `#[warn(unused)]`) on by default

warning: unused import: `crate::constants::MAX_CID_LEN`
 --> src\verification_registry.rs:3:5
  |
3 | use crate::constants::MAX_CID_LEN;
  |     ^^^^^^^^^^^^^^^^^^^^^^^^^^^^^

warning: unused imports: `publish_verification_approved_event`, `publish_verification_rejected_event`, and `publish_verification_requested_event`
 --> src\verification_registry.rs:6:5
  |
6 |     publish_verification_approved_event, publish_verification_rejected_event,
  |     ^^^^^^^^^^^^^^^^^^^^^^^^^^^^^^^^^^^  ^^^^^^^^^^^^^^^^^^^^^^^^^^^^^^^^^^^
7 |     publish_verification_requested_event,
  |     ^^^^^^^^^^^^^^^^^^^^^^^^^^^^^^^^^^^^

warning: unused import: `DataKey`
 --> src\verification_registry.rs:9:60
  |
9 | use crate::types::{VerificationRecord, VerificationStatus, DataKey};
  |                                                            ^^^^^^^

warning: unused imports: `publish_fee_paid_event` and `publish_fee_set_event`
 --> src\fee_manager.rs:4:21
  |
4 | use crate::events::{publish_fee_paid_event, publish_fee_set_event};
  |                     ^^^^^^^^^^^^^^^^^^^^^^  ^^^^^^^^^^^^^^^^^^^^^

warning: unused import: `DataKey`
 --> src\fee_manager.rs:5:31
  |
5 | use crate::types::{FeeConfig, DataKey};
  |                               ^^^^^^^

warning: unused import: `FeeConfig`
  --> src\lib.rs:22:50
   |
22 | use types::{Project, Review, VerificationRecord, FeeConfig};
   |                                                  ^^^^^^^^^

warning: variable does not need to be mutable
  --> src\review_registry.rs:78:17
   |
78 |             let mut user_reviews: soroban_sdk::Vec<u64> = env
   |                 ----^^^^^^^^^^^^
   |                 |
   |                 help: remove this `mut`
   |
   = note: `#[warn(unused_mut)]` (part of `#[warn(unused)]`) on by default

warning: unused variable: `env`
  --> src\verification_registry.rs:16:9
   |
16 |         env: &Env,
   |         ^^^ help: if this is intentional, prefix it with an underscore: `_env`
   |
   = note: `#[warn(unused_variables)]` (part of `#[warn(unused)]`) on by default

warning: unused variable: `project_id`
  --> src\verification_registry.rs:17:9
   |
17 |         project_id: u64,
   |         ^^^^^^^^^^ help: if this is intentional, prefix it with an underscore: `_project_id`

warning: unused variable: `requester`
  --> src\verification_registry.rs:18:9
   |
18 |         requester: Address,
   |         ^^^^^^^^^ help: if this is intentional, prefix it with an underscore: `_requester`

warning: unused variable: `evidence_cid`
  --> src\verification_registry.rs:19:9
   |
19 |         evidence_cid: String,
   |         ^^^^^^^^^^^^ help: if this is intentional, prefix it with an underscore: `_evidence_cid`

warning: unused import: `TryIntoVal`
   --> src\review_registry.rs:135:31
    |
135 |         Env, IntoVal, String, TryIntoVal,
    |                               ^^^^^^^^^^
    |
    = note: `#[warn(unused_imports)]` (part of `#[warn(unused)]`) on by default

warning: unused import: `soroban_sdk::testutils::Address as _`
   --> src\lib.rs:192:9
    |
192 |     use soroban_sdk::testutils::Address as _;
    |         ^^^^^^^^^^^^^^^^^^^^^^^^^^^^^^^^^^^^

warning: unused imports: `Vec as SorobanVec` and `vec`
   --> src\lib.rs:193:23
    |
193 |     use soroban_sdk::{vec, Vec as SorobanVec};
    |                       ^^^  ^^^^^^^^^^^^^^^^^

warning: function `setup_env` is never used
   --> src\lib.rs:195:8
    |
195 |     fn setup_env() -> Env {
    |        ^^^^^^^^^
    |
    = note: `#[warn(dead_code)]` (part of `#[warn(unused)]`) on by default

warning: `dongle-contract` (lib) generated 12 warnings (run `cargo fix --lib -p dongle-contract` to apply 12 suggestions)
warning: `dongle-contract` (lib test) generated 15 warnings (11 duplicates) (run `cargo fix --lib -p dongle-contract --tests` to apply 3 suggestions)
    Finished `test` profile [unoptimized + debuginfo] target(s) in 0.49s
     Running unittests src\lib.rs (target\debug\deps\dongle_contract-a300b76b9d4a7117.exe)

running 15 tests
test rating_calculator::tests::test_add_rating_first_review ... ok
test rating_calculator::tests::test_add_rating_subsequent_review ... ok
test rating_calculator::tests::test_calculate_average_single_review ... ok
test rating_calculator::tests::test_calculate_average_multiple_reviews ... ok
test rating_calculator::tests::test_calculate_average_precision ... ok
test rating_calculator::tests::test_calculate_average_zero_reviews ... ok
test rating_calculator::tests::test_remove_rating_last_review ... ok
test rating_calculator::tests::test_remove_rating_multiple_reviews ... ok
test rating_calculator::tests::test_update_rating_decrease ... ok
test rating_calculator::tests::test_update_rating_increase ... ok
test rating_calculator::tests::test_update_rating_no_change ... ok
test tests::get_projects_by_owner_returns_all_projects ... ok
test review_registry::test::test_add_review_event ... FAILED
test review_registry::test::test_delete_review_event ... FAILED
test review_registry::test::test_update_review_event ... FAILED

failures:

---- review_registry::test::test_add_review_event stdout ----

thread 'review_registry::test::test_add_review_event' (15268) panicked at C:\Users\user\.cargo\registry\src\index.crates.io-1949cf8c6b5b557f\soroban-env-host-21.2.1\src\host.rs:768:9:
HostError: Error(Auth, InvalidAction)

Event log (newest first):
   0: [Diagnostic Event] topics:[error, Error(Auth, InvalidAction)], data:"escalating error to panic"
   1: [Diagnostic Event] topics:[error, Error(Auth, InvalidAction)], data:["contract call failed", add_review, [1, CAAAAAAAAAAAAAAAAAAAAAAAAAAAAAAAAAAAAAAAAAAAAAAAAAAAD2KM, 5, "QmHash"]]
   2: [Failed Diagnostic Event (not emitted)] contract:CAAAAAAAAAAAAAAAAAAAAAAAAAAAAAAAAAAAAAAAAAAAAAAAAAAAFCT4, topics:[error, Error(Auth, InvalidAction)], data:"caught error from function"
   3: [Failed Diagnostic Event (not emitted)] contract:CAAAAAAAAAAAAAAAAAAAAAAAAAAAAAAAAAAAAAAAAAAAAAAAAAAAFCT4, topics:[error, Error(Auth, InvalidAction)], data:"escalating error to panic"
   4: [Failed Diagnostic Event (not emitted)] contract:CAAAAAAAAAAAAAAAAAAAAAAAAAAAAAAAAAAAAAAAAAAAAAAAAAAAFCT4, topics:[error, Error(Auth, InvalidAction)], data:["Unauthorized function call for address", CAAAAAAAAAAAAAAAAAAAAAAAAAAAAAAAAAAAAAAAAAAAAAAAAAAAD2KM]
   5: [Diagnostic Event] topics:[fn_call, Bytes(0000000000000000000000000000000000000000000000000000000000000002), add_review], data:[1, CAAAAAAAAAAAAAAAAAAAAAAAAAAAAAAAAAAAAAAAAAAAAAAAAAAAD2KM, 5, "QmHash"]

Backtrace (newest first):
   0: backtrace::backtrace::win64::trace
             at C:\Users\user\.cargo\registry\src\index.crates.io-1949cf8c6b5b557f\backtrace-0.3.76\src\backtrace\win64.rs:85
      backtrace::backtrace::trace_unsynchronized<backtrace::capture::impl$4::create::closure_env$0>
             at C:\Users\user\.cargo\registry\src\index.crates.io-1949cf8c6b5b557f\backtrace-0.3.76\src\backtrace\mod.rs:66
   1: backtrace::backtrace::trace<backtrace::capture::impl$4::create::closure_env$0>
             at C:\Users\user\.cargo\registry\src\index.crates.io-1949cf8c6b5b557f\backtrace-0.3.76\src\backtrace\mod.rs:53
   2: backtrace::capture::Backtrace::create
             at C:\Users\user\.cargo\registry\src\index.crates.io-1949cf8c6b5b557f\backtrace-0.3.76\src\capture.rs:294
   3: backtrace::capture::Backtrace::new_unresolved
             at C:\Users\user\.cargo\registry\src\index.crates.io-1949cf8c6b5b557f\backtrace-0.3.76\src\capture.rs:289
   4: soroban_env_host::host::error::impl$10::maybe_get_debug_info::closure$0
             at C:\Users\user\.cargo\registry\src\index.crates.io-1949cf8c6b5b557f\soroban-env-host-21.2.1\src\host\error.rs:293
   5: soroban_env_host::budget::Budget::with_shadow_mode<tuple$<>,soroban_env_host::host::error::impl$10::maybe_get_debug_info::closure_env$0>
             at C:\Users\user\.cargo\registry\src\index.crates.io-1949cf8c6b5b557f\soroban-env-host-21.2.1\src\budget.rs:972
   6: soroban_env_host::host::Host::with_debug_mode<soroban_env_host::host::error::impl$10::maybe_get_debug_info::closure_env$0>
             at C:\Users\user\.cargo\registry\src\index.crates.io-1949cf8c6b5b557f\soroban-env-host-21.2.1\src\host.rs:615
   7: soroban_env_host::host::Host::maybe_get_debug_info
             at C:\Users\user\.cargo\registry\src\index.crates.io-1949cf8c6b5b557f\soroban-env-host-21.2.1\src\host\error.rs:290
   8: soroban_env_host::host::error::impl$10::error::closure$0
             at C:\Users\user\.cargo\registry\src\index.crates.io-1949cf8c6b5b557f\soroban-env-host-21.2.1\src\host\error.rs:274
   9: soroban_env_host::budget::Budget::with_shadow_mode<tuple$<>,soroban_env_host::host::error::impl$10::error::closure_env$0>
             at C:\Users\user\.cargo\registry\src\index.crates.io-1949cf8c6b5b557f\soroban-env-host-21.2.1\src\budget.rs:972
  10: soroban_env_host::host::Host::with_debug_mode<soroban_env_host::host::error::impl$10::error::closure_env$0>
             at C:\Users\user\.cargo\registry\src\index.crates.io-1949cf8c6b5b557f\soroban-env-host-21.2.1\src\host.rs:615
  11: soroban_env_host::host::Host::error
             at C:\Users\user\.cargo\registry\src\index.crates.io-1949cf8c6b5b557f\soroban-env-host-21.2.1\src\host\error.rs:261
  12: soroban_env_host::host::impl$4::escalate_error_to_panic
             at C:\Users\user\.cargo\registry\src\index.crates.io-1949cf8c6b5b557f\soroban-env-host-21.2.1\src\host.rs:767
  13: soroban_sdk::env::internal::reject_err::closure$0<soroban_env_common::val::Val>
             at C:\Users\user\.cargo\registry\src\index.crates.io-1949cf8c6b5b557f\soroban-sdk-21.7.7\src\env.rs:52
  14: enum2$<core::result::Result<soroban_env_common::val::Val,soroban_env_host::host::error::HostError> >::map_err<soroban_env_common::val::Val,soroban_env_host::host::error::HostError,enum2$<core::convert::Infallible>,soroban_sdk::env::internal::reject_err::cl
             at /rustc/254b59607d4417e9dffbc307138ae5c86280fe4c\library\core\src\result.rs:968
  15: soroban_sdk::env::internal::reject_err<soroban_env_common::val::Val>
             at C:\Users\user\.cargo\registry\src\index.crates.io-1949cf8c6b5b557f\soroban-sdk-21.7.7\src\env.rs:52
  16: soroban_sdk::env::impl$20::call
             at C:\Users\user\.cargo\registry\src\index.crates.io-1949cf8c6b5b557f\soroban-sdk-21.7.7\src\env.rs:1667
  17: soroban_sdk::env::Env::invoke_contract<tuple$<> >
             at C:\Users\user\.cargo\registry\src\index.crates.io-1949cf8c6b5b557f\soroban-sdk-21.7.7\src\env.rs:379
  18: dongle_contract::review_registry::ReviewRegistryClient::add_review
             at src\review_registry.rs:8
  19: dongle_contract::review_registry::test::test_add_review_event
             at src\review_registry.rs:147
  20: dongle_contract::review_registry::test::test_add_review_event::closure$0
             at src\review_registry.rs:140
  21: core::ops::function::FnOnce::call_once<dongle_contract::review_registry::test::test_add_review_event::closure_env$0,tuple$<> >
             at /rustc/254b59607d4417e9dffbc307138ae5c86280fe4c\library\core\src\ops\function.rs:250


note: run with `RUST_BACKTRACE=1` environment variable to display a backtrace
Writing test snapshot file for test "review_registry::test::test_add_review_event" to "test_snapshots\\review_registry\\test\\test_add_review_event.1.json".

---- review_registry::test::test_delete_review_event stdout ----

thread 'review_registry::test::test_delete_review_event' (20516) panicked at C:\Users\user\.cargo\registry\src\index.crates.io-1949cf8c6b5b557f\soroban-env-host-21.2.1\src\host.rs:768:9:
HostError: Error(Auth, InvalidAction)

Event log (newest first):
   0: [Diagnostic Event] topics:[error, Error(Auth, InvalidAction)], data:"escalating error to panic"
   1: [Diagnostic Event] topics:[error, Error(Auth, InvalidAction)], data:["contract call failed", delete_review, [1, CAAAAAAAAAAAAAAAAAAAAAAAAAAAAAAAAAAAAAAAAAAAAAAAAAAAD2KM]]
   2: [Failed Diagnostic Event (not emitted)] contract:CAAAAAAAAAAAAAAAAAAAAAAAAAAAAAAAAAAAAAAAAAAAAAAAAAAAFCT4, topics:[error, Error(Auth, InvalidAction)], data:"caught error from function"
   3: [Failed Diagnostic Event (not emitted)] contract:CAAAAAAAAAAAAAAAAAAAAAAAAAAAAAAAAAAAAAAAAAAAAAAAAAAAFCT4, topics:[error, Error(Auth, InvalidAction)], data:"escalating error to panic"
   4: [Failed Diagnostic Event (not emitted)] contract:CAAAAAAAAAAAAAAAAAAAAAAAAAAAAAAAAAAAAAAAAAAAAAAAAAAAFCT4, topics:[error, Error(Auth, InvalidAction)], data:["Unauthorized function call for address", CAAAAAAAAAAAAAAAAAAAAAAAAAAAAAAAAAAAAAAAAAAAAAAAAAAAD2KM]
   5: [Diagnostic Event] topics:[fn_call, Bytes(0000000000000000000000000000000000000000000000000000000000000002), delete_review], data:[1, CAAAAAAAAAAAAAAAAAAAAAAAAAAAAAAAAAAAAAAAAAAAAAAAAAAAD2KM]

Backtrace (newest first):
   0: backtrace::backtrace::win64::trace
             at C:\Users\user\.cargo\registry\src\index.crates.io-1949cf8c6b5b557f\backtrace-0.3.76\src\backtrace\win64.rs:85
      backtrace::backtrace::trace_unsynchronized<backtrace::capture::impl$4::create::closure_env$0>
             at C:\Users\user\.cargo\registry\src\index.crates.io-1949cf8c6b5b557f\backtrace-0.3.76\src\backtrace\mod.rs:66
   1: backtrace::backtrace::trace<backtrace::capture::impl$4::create::closure_env$0>
             at C:\Users\user\.cargo\registry\src\index.crates.io-1949cf8c6b5b557f\backtrace-0.3.76\src\backtrace\mod.rs:53
   2: backtrace::capture::Backtrace::create
             at C:\Users\user\.cargo\registry\src\index.crates.io-1949cf8c6b5b557f\backtrace-0.3.76\src\capture.rs:294
   3: backtrace::capture::Backtrace::new_unresolved
             at C:\Users\user\.cargo\registry\src\index.crates.io-1949cf8c6b5b557f\backtrace-0.3.76\src\capture.rs:289
   4: soroban_env_host::host::error::impl$10::maybe_get_debug_info::closure$0
             at C:\Users\user\.cargo\registry\src\index.crates.io-1949cf8c6b5b557f\soroban-env-host-21.2.1\src\host\error.rs:293
   5: soroban_env_host::budget::Budget::with_shadow_mode<tuple$<>,soroban_env_host::host::error::impl$10::maybe_get_debug_info::closure_env$0>
             at C:\Users\user\.cargo\registry\src\index.crates.io-1949cf8c6b5b557f\soroban-env-host-21.2.1\src\budget.rs:972
   6: soroban_env_host::host::Host::with_debug_mode<soroban_env_host::host::error::impl$10::maybe_get_debug_info::closure_env$0>
             at C:\Users\user\.cargo\registry\src\index.crates.io-1949cf8c6b5b557f\soroban-env-host-21.2.1\src\host.rs:615
   7: soroban_env_host::host::Host::maybe_get_debug_info
             at C:\Users\user\.cargo\registry\src\index.crates.io-1949cf8c6b5b557f\soroban-env-host-21.2.1\src\host\error.rs:290
   8: soroban_env_host::host::error::impl$10::error::closure$0
             at C:\Users\user\.cargo\registry\src\index.crates.io-1949cf8c6b5b557f\soroban-env-host-21.2.1\src\host\error.rs:274
   9: soroban_env_host::budget::Budget::with_shadow_mode<tuple$<>,soroban_env_host::host::error::impl$10::error::closure_env$0>
             at C:\Users\user\.cargo\registry\src\index.crates.io-1949cf8c6b5b557f\soroban-env-host-21.2.1\src\budget.rs:972
  10: soroban_env_host::host::Host::with_debug_mode<soroban_env_host::host::error::impl$10::error::closure_env$0>
             at C:\Users\user\.cargo\registry\src\index.crates.io-1949cf8c6b5b557f\soroban-env-host-21.2.1\src\host.rs:615
  11: soroban_env_host::host::Host::error
             at C:\Users\user\.cargo\registry\src\index.crates.io-1949cf8c6b5b557f\soroban-env-host-21.2.1\src\host\error.rs:261
  12: soroban_env_host::host::impl$4::escalate_error_to_panic
             at C:\Users\user\.cargo\registry\src\index.crates.io-1949cf8c6b5b557f\soroban-env-host-21.2.1\src\host.rs:767
  13: soroban_sdk::env::internal::reject_err::closure$0<soroban_env_common::val::Val>
             at C:\Users\user\.cargo\registry\src\index.crates.io-1949cf8c6b5b557f\soroban-sdk-21.7.7\src\env.rs:52
  14: enum2$<core::result::Result<soroban_env_common::val::Val,soroban_env_host::host::error::HostError> >::map_err<soroban_env_common::val::Val,soroban_env_host::host::error::HostError,enum2$<core::convert::Infallible>,soroban_sdk::env::internal::reject_err::cl
             at /rustc/254b59607d4417e9dffbc307138ae5c86280fe4c\library\core\src\result.rs:968
  15: soroban_sdk::env::internal::reject_err<soroban_env_common::val::Val>
             at C:\Users\user\.cargo\registry\src\index.crates.io-1949cf8c6b5b557f\soroban-sdk-21.7.7\src\env.rs:52
  16: soroban_sdk::env::impl$20::call
             at C:\Users\user\.cargo\registry\src\index.crates.io-1949cf8c6b5b557f\soroban-sdk-21.7.7\src\env.rs:1667
  17: soroban_sdk::env::Env::invoke_contract<tuple$<> >
             at C:\Users\user\.cargo\registry\src\index.crates.io-1949cf8c6b5b557f\soroban-sdk-21.7.7\src\env.rs:379
  18: dongle_contract::review_registry::ReviewRegistryClient::delete_review
             at src\review_registry.rs:8
  19: dongle_contract::review_registry::test::test_delete_review_event
             at src\review_registry.rs:202
  20: dongle_contract::review_registry::test::test_delete_review_event::closure$0
             at src\review_registry.rs:196
  21: core::ops::function::FnOnce::call_once<dongle_contract::review_registry::test::test_delete_review_event::closure_env$0,tuple$<> >
             at /rustc/254b59607d4417e9dffbc307138ae5c86280fe4c\library\core\src\ops\function.rs:250


Writing test snapshot file for test "review_registry::test::test_delete_review_event" to "test_snapshots\\review_registry\\test\\test_delete_review_event.1.json".

---- review_registry::test::test_update_review_event stdout ----

thread 'review_registry::test::test_update_review_event' (23448) panicked at C:\Users\user\.cargo\registry\src\index.crates.io-1949cf8c6b5b557f\soroban-env-host-21.2.1\src\host.rs:768:9:
HostError: Error(Auth, InvalidAction)

Event log (newest first):
   0: [Diagnostic Event] topics:[error, Error(Auth, InvalidAction)], data:"escalating error to panic"
   1: [Diagnostic Event] topics:[error, Error(Auth, InvalidAction)], data:["contract call failed", update_review, [1, CAAAAAAAAAAAAAAAAAAAAAAAAAAAAAAAAAAAAAAAAAAAAAAAAAAAD2KM, 4, "QmHash2"]]
   2: [Failed Diagnostic Event (not emitted)] contract:CAAAAAAAAAAAAAAAAAAAAAAAAAAAAAAAAAAAAAAAAAAAAAAAAAAAFCT4, topics:[error, Error(Auth, InvalidAction)], data:"caught error from function"
   3: [Failed Diagnostic Event (not emitted)] contract:CAAAAAAAAAAAAAAAAAAAAAAAAAAAAAAAAAAAAAAAAAAAAAAAAAAAFCT4, topics:[error, Error(Auth, InvalidAction)], data:"escalating error to panic"
   4: [Failed Diagnostic Event (not emitted)] contract:CAAAAAAAAAAAAAAAAAAAAAAAAAAAAAAAAAAAAAAAAAAAAAAAAAAAFCT4, topics:[error, Error(Auth, InvalidAction)], data:["Unauthorized function call for address", CAAAAAAAAAAAAAAAAAAAAAAAAAAAAAAAAAAAAAAAAAAAAAAAAAAAD2KM]
   5: [Diagnostic Event] topics:[fn_call, Bytes(0000000000000000000000000000000000000000000000000000000000000002), update_review], data:[1, CAAAAAAAAAAAAAAAAAAAAAAAAAAAAAAAAAAAAAAAAAAAAAAAAAAAD2KM, 4, "QmHash2"]

Backtrace (newest first):
   0: backtrace::backtrace::win64::trace
             at C:\Users\user\.cargo\registry\src\index.crates.io-1949cf8c6b5b557f\backtrace-0.3.76\src\backtrace\win64.rs:85
      backtrace::backtrace::trace_unsynchronized<backtrace::capture::impl$4::create::closure_env$0>
             at C:\Users\user\.cargo\registry\src\index.crates.io-1949cf8c6b5b557f\backtrace-0.3.76\src\backtrace\mod.rs:66
   1: backtrace::backtrace::trace<backtrace::capture::impl$4::create::closure_env$0>
             at C:\Users\user\.cargo\registry\src\index.crates.io-1949cf8c6b5b557f\backtrace-0.3.76\src\backtrace\mod.rs:53
   2: backtrace::capture::Backtrace::create
             at C:\Users\user\.cargo\registry\src\index.crates.io-1949cf8c6b5b557f\backtrace-0.3.76\src\capture.rs:294
   3: backtrace::capture::Backtrace::new_unresolved
             at C:\Users\user\.cargo\registry\src\index.crates.io-1949cf8c6b5b557f\backtrace-0.3.76\src\capture.rs:289
   4: soroban_env_host::host::error::impl$10::maybe_get_debug_info::closure$0
             at C:\Users\user\.cargo\registry\src\index.crates.io-1949cf8c6b5b557f\soroban-env-host-21.2.1\src\host\error.rs:293
   5: soroban_env_host::budget::Budget::with_shadow_mode<tuple$<>,soroban_env_host::host::error::impl$10::maybe_get_debug_info::closure_env$0>
             at C:\Users\user\.cargo\registry\src\index.crates.io-1949cf8c6b5b557f\soroban-env-host-21.2.1\src\budget.rs:972
   6: soroban_env_host::host::Host::with_debug_mode<soroban_env_host::host::error::impl$10::maybe_get_debug_info::closure_env$0>
             at C:\Users\user\.cargo\registry\src\index.crates.io-1949cf8c6b5b557f\soroban-env-host-21.2.1\src\host.rs:615
   7: soroban_env_host::host::Host::maybe_get_debug_info
             at C:\Users\user\.cargo\registry\src\index.crates.io-1949cf8c6b5b557f\soroban-env-host-21.2.1\src\host\error.rs:290
   8: soroban_env_host::host::error::impl$10::error::closure$0
             at C:\Users\user\.cargo\registry\src\index.crates.io-1949cf8c6b5b557f\soroban-env-host-21.2.1\src\host\error.rs:274
   9: soroban_env_host::budget::Budget::with_shadow_mode<tuple$<>,soroban_env_host::host::error::impl$10::error::closure_env$0>
             at C:\Users\user\.cargo\registry\src\index.crates.io-1949cf8c6b5b557f\soroban-env-host-21.2.1\src\budget.rs:972
  10: soroban_env_host::host::Host::with_debug_mode<soroban_env_host::host::error::impl$10::error::closure_env$0>
             at C:\Users\user\.cargo\registry\src\index.crates.io-1949cf8c6b5b557f\soroban-env-host-21.2.1\src\host.rs:615
  11: soroban_env_host::host::Host::error
             at C:\Users\user\.cargo\registry\src\index.crates.io-1949cf8c6b5b557f\soroban-env-host-21.2.1\src\host\error.rs:261
  12: soroban_env_host::host::impl$4::escalate_error_to_panic
             at C:\Users\user\.cargo\registry\src\index.crates.io-1949cf8c6b5b557f\soroban-env-host-21.2.1\src\host.rs:767
  13: soroban_sdk::env::internal::reject_err::closure$0<soroban_env_common::val::Val>
             at C:\Users\user\.cargo\registry\src\index.crates.io-1949cf8c6b5b557f\soroban-sdk-21.7.7\src\env.rs:52
  14: enum2$<core::result::Result<soroban_env_common::val::Val,soroban_env_host::host::error::HostError> >::map_err<soroban_env_common::val::Val,soroban_env_host::host::error::HostError,enum2$<core::convert::Infallible>,soroban_sdk::env::internal::reject_err::cl
             at /rustc/254b59607d4417e9dffbc307138ae5c86280fe4c\library\core\src\result.rs:968
  15: soroban_sdk::env::internal::reject_err<soroban_env_common::val::Val>
             at C:\Users\user\.cargo\registry\src\index.crates.io-1949cf8c6b5b557f\soroban-sdk-21.7.7\src\env.rs:52
  16: soroban_sdk::env::impl$20::call
             at C:\Users\user\.cargo\registry\src\index.crates.io-1949cf8c6b5b557f\soroban-sdk-21.7.7\src\env.rs:1667
  17: soroban_sdk::env::Env::invoke_contract<tuple$<> >
             at C:\Users\user\.cargo\registry\src\index.crates.io-1949cf8c6b5b557f\soroban-sdk-21.7.7\src\env.rs:379
  18: dongle_contract::review_registry::ReviewRegistryClient::update_review
             at src\review_registry.rs:8
  19: dongle_contract::review_registry::test::test_update_review_event
             at src\review_registry.rs:181
  20: dongle_contract::review_registry::test::test_update_review_event::closure$0
             at src\review_registry.rs:174
  21: core::ops::function::FnOnce::call_once<dongle_contract::review_registry::test::test_update_review_event::closure_env$0,tuple$<> >
             at /rustc/254b59607d4417e9dffbc307138ae5c86280fe4c\library\core\src\ops\function.rs:250


Writing test snapshot file for test "review_registry::test::test_update_review_event" to "test_snapshots\\review_registry\\test\\test_update_review_event.1.json".


failures:
    review_registry::test::test_add_review_event
    review_registry::test::test_delete_review_event
    review_registry::test::test_update_review_event

test result: FAILED. 12 passed; 3 failed; 0 ignored; 0 measured; 0 filtered out; finished in 0.32s

error: test failed, to rerun pass `--lib`
