warning: unused import: `ReviewEventData`
 --> src\review_registry.rs:2:42
  |
2 | use crate::types::{Review, ReviewAction, ReviewEventData, DataKey};
  |                                          ^^^^^^^^^^^^^^^
  |
  = note: `#[warn(unused_imports)]` (part of `#[warn(unused)]`) on by default

warning: unused import: `crate::constants::MAX_CID_LEN`
 --> src\verification_registry.rs:3:5
  |
3 | use crate::constants::MAX_CID_LEN;
  |     ^^^^^^^^^^^^^^^^^^^^^^^^^^^^^

warning: unused imports: `publish_verification_approved_event`, `publish_verification_rejected_event`, and `publish_verification_requested_event`
 --> src\verification_registry.rs:6:5
  |
6 |     publish_verification_approved_event, publish_verification_rejected_event,
  |     ^^^^^^^^^^^^^^^^^^^^^^^^^^^^^^^^^^^  ^^^^^^^^^^^^^^^^^^^^^^^^^^^^^^^^^^^
7 |     publish_verification_requested_event,
  |     ^^^^^^^^^^^^^^^^^^^^^^^^^^^^^^^^^^^^

warning: unused import: `DataKey`
 --> src\verification_registry.rs:9:60
  |
9 | use crate::types::{VerificationRecord, VerificationStatus, DataKey};
  |                                                            ^^^^^^^

warning: unused imports: `publish_fee_paid_event` and `publish_fee_set_event`
 --> src\fee_manager.rs:4:21
  |
4 | use crate::events::{publish_fee_paid_event, publish_fee_set_event};
  |                     ^^^^^^^^^^^^^^^^^^^^^^  ^^^^^^^^^^^^^^^^^^^^^

warning: unused import: `DataKey`
 --> src\fee_manager.rs:5:31
  |
5 | use crate::types::{FeeConfig, DataKey};
  |                               ^^^^^^^

warning: unused import: `FeeConfig`
  --> src\lib.rs:22:50
   |
22 | use types::{Project, Review, VerificationRecord, FeeConfig};
   |                                                  ^^^^^^^^^

warning: variable does not need to be mutable
  --> src\review_registry.rs:78:17
   |
78 |             let mut user_reviews: soroban_sdk::Vec<u64> = env
   |                 ----^^^^^^^^^^^^
   |                 |
   |                 help: remove this `mut`
   |
   = note: `#[warn(unused_mut)]` (part of `#[warn(unused)]`) on by default

warning: unused variable: `env`
  --> src\verification_registry.rs:16:9
   |
16 |         env: &Env,
   |         ^^^ help: if this is intentional, prefix it with an underscore: `_env`
   |
   = note: `#[warn(unused_variables)]` (part of `#[warn(unused)]`) on by default

warning: unused variable: `project_id`
  --> src\verification_registry.rs:17:9
   |
17 |         project_id: u64,
   |         ^^^^^^^^^^ help: if this is intentional, prefix it with an underscore: `_project_id`

warning: unused variable: `requester`
  --> src\verification_registry.rs:18:9
   |
18 |         requester: Address,
   |         ^^^^^^^^^ help: if this is intentional, prefix it with an underscore: `_requester`

warning: unused variable: `evidence_cid`
  --> src\verification_registry.rs:19:9
   |
19 |         evidence_cid: String,
   |         ^^^^^^^^^^^^ help: if this is intentional, prefix it with an underscore: `_evidence_cid`

warning: unused import: `TryIntoVal`
   --> src\review_registry.rs:135:31
    |
135 |         Env, IntoVal, String, TryIntoVal,
    |                               ^^^^^^^^^^
    |
    = note: `#[warn(unused_imports)]` (part of `#[warn(unused)]`) on by default

warning: hiding a lifetime that's elided elsewhere is confusing
 --> src\registration_tests.rs:6:15
  |
6 | fn setup(env: &Env) -> (DongleContractClient, Address) {
  |               ^^^^      ^^^^^^^^^^^^^^^^^^^^ the same lifetime is hidden here
  |               |
  |               the lifetime is elided here
  |
  = help: the same lifetime is referred to in inconsistent ways, making the signature confusing
  = note: `#[warn(mismatched_lifetime_syntaxes)]` on by default
help: use `'_` for type paths
  |
6 | fn setup(env: &Env) -> (DongleContractClient<'_>, Address) {
  |                                             ++++

warning: `dongle-contract` (lib) generated 12 warnings (run `cargo fix --lib -p dongle-contract` to apply 12 suggestions)
warning: `dongle-contract` (lib test) generated 13 warnings (11 duplicates) (run `cargo fix --lib -p dongle-contract --tests` to apply 2 suggestions)
    Finished `test` profile [unoptimized + debuginfo] target(s) in 0.37s
     Running unittests src\lib.rs (target\debug\deps\dongle_contract-a300b76b9d4a7117.exe)

running 17 tests
test rating_calculator::tests::test_add_rating_first_review ... ok
test rating_calculator::tests::test_calculate_average_multiple_reviews ... ok
test rating_calculator::tests::test_add_rating_subsequent_review ... ok
test rating_calculator::tests::test_calculate_average_precision ... ok
test rating_calculator::tests::test_calculate_average_single_review ... ok
test rating_calculator::tests::test_remove_rating_multiple_reviews ... ok
test rating_calculator::tests::test_calculate_average_zero_reviews ... ok
test rating_calculator::tests::test_remove_rating_last_review ... ok
test rating_calculator::tests::test_update_rating_decrease ... ok
test rating_calculator::tests::test_update_rating_increase ... ok
test rating_calculator::tests::test_update_rating_no_change ... ok
test review_registry::test::test_add_review_event ... ok
test registration_tests::test_register_project_success ... ok
test review_registry::test::test_delete_review_event ... FAILED
test registration_tests::test_register_duplicate_project_fails ... ok
test review_registry::test::test_update_review_event ... FAILED
test registration_tests::test_register_different_projects_success ... ok

failures:

---- review_registry::test::test_delete_review_event stdout ----

thread 'review_registry::test::test_delete_review_event' (9476) panicked at src\review_registry.rs:214:9:
assertion `left == right` failed
  left: 2
 right: 1
note: run with `RUST_BACKTRACE=1` environment variable to display a backtrace
Writing test snapshot file for test "review_registry::test::test_delete_review_event" to "test_snapshots\\review_registry\\test\\test_delete_review_event.1.json".

---- review_registry::test::test_update_review_event stdout ----

thread 'review_registry::test::test_update_review_event' (9960) panicked at src\review_registry.rs:189:9:
assertion `left == right` failed
  left: 2
 right: 1
Writing test snapshot file for test "review_registry::test::test_update_review_event" to "test_snapshots\\review_registry\\test\\test_update_review_event.1.json".


failures:
    review_registry::test::test_delete_review_event
    review_registry::test::test_update_review_event

test result: FAILED. 15 passed; 2 failed; 0 ignored; 0 measured; 0 filtered out; finished in 0.12s

error: test failed, to rerun pass `--lib`
